{"/home/flatfrog/code/Electrolux-Demo/app.js":{"path":"/home/flatfrog/code/Electrolux-Demo/app.js","s":{"1":1,"2":1,"3":1,"4":1,"5":1,"6":1,"7":1,"8":1,"9":0,"10":0,"11":0,"12":0,"13":0,"14":0,"15":0,"16":0,"17":1,"18":0,"19":0,"20":0,"21":0,"22":0,"23":0,"24":0,"25":0,"26":0,"27":0,"28":0,"29":0,"30":0,"31":1},"b":{"1":[0,0],"2":[0,0],"3":[0,0],"4":[0,0],"5":[0,0],"6":[0,0],"7":[0,0],"8":[0,0],"9":[0,0],"10":[0,0],"11":[0,0],"12":[0,0]},"f":{"1":0,"2":0,"3":0},"fnMap":{"1":{"name":"(anonymous_1)","line":41,"loc":{"start":{"line":41,"column":25},"end":{"line":41,"column":44}}},"2":{"name":"(anonymous_2)","line":59,"loc":{"start":{"line":59,"column":34},"end":{"line":59,"column":54}}},"3":{"name":"updateMessage","line":74,"loc":{"start":{"line":74,"column":0},"end":{"line":74,"column":40}}}},"statementMap":{"1":{"start":{"line":19,"column":0},"end":{"line":19,"column":33}},"2":{"start":{"line":20,"column":0},"end":{"line":20,"column":40}},"3":{"start":{"line":21,"column":0},"end":{"line":21,"column":69}},"4":{"start":{"line":23,"column":0},"end":{"line":23,"column":20}},"5":{"start":{"line":26,"column":0},"end":{"line":26,"column":36}},"6":{"start":{"line":27,"column":0},"end":{"line":27,"column":27}},"7":{"start":{"line":30,"column":0},"end":{"line":38,"column":3}},"8":{"start":{"line":41,"column":0},"end":{"line":65,"column":3}},"9":{"start":{"line":42,"column":4},"end":{"line":42,"column":65}},"10":{"start":{"line":43,"column":4},"end":{"line":49,"column":5}},"11":{"start":{"line":44,"column":8},"end":{"line":48,"column":11}},"12":{"start":{"line":52,"column":4},"end":{"line":56,"column":6}},"13":{"start":{"line":59,"column":4},"end":{"line":64,"column":7}},"14":{"start":{"line":60,"column":8},"end":{"line":62,"column":9}},"15":{"start":{"line":61,"column":12},"end":{"line":61,"column":57}},"16":{"start":{"line":63,"column":8},"end":{"line":63,"column":54}},"17":{"start":{"line":74,"column":0},"end":{"line":98,"column":1}},"18":{"start":{"line":75,"column":4},"end":{"line":75,"column":28}},"19":{"start":{"line":76,"column":4},"end":{"line":80,"column":5}},"20":{"start":{"line":77,"column":8},"end":{"line":77,"column":29}},"21":{"start":{"line":79,"column":8},"end":{"line":79,"column":24}},"22":{"start":{"line":81,"column":4},"end":{"line":95,"column":5}},"23":{"start":{"line":82,"column":8},"end":{"line":82,"column":41}},"24":{"start":{"line":88,"column":8},"end":{"line":94,"column":9}},"25":{"start":{"line":89,"column":12},"end":{"line":89,"column":75}},"26":{"start":{"line":90,"column":15},"end":{"line":94,"column":9}},"27":{"start":{"line":91,"column":12},"end":{"line":91,"column":70}},"28":{"start":{"line":93,"column":12},"end":{"line":93,"column":62}},"29":{"start":{"line":96,"column":4},"end":{"line":96,"column":40}},"30":{"start":{"line":97,"column":4},"end":{"line":97,"column":20}},"31":{"start":{"line":100,"column":0},"end":{"line":100,"column":21}}},"branchMap":{"1":{"line":42,"type":"binary-expr","locations":[{"start":{"line":42,"column":20},"end":{"line":42,"column":44}},{"start":{"line":42,"column":48},"end":{"line":42,"column":64}}]},"2":{"line":43,"type":"if","locations":[{"start":{"line":43,"column":4},"end":{"line":43,"column":4}},{"start":{"line":43,"column":4},"end":{"line":43,"column":4}}]},"3":{"line":43,"type":"binary-expr","locations":[{"start":{"line":43,"column":8},"end":{"line":43,"column":18}},{"start":{"line":43,"column":22},"end":{"line":43,"column":52}}]},"4":{"line":54,"type":"binary-expr","locations":[{"start":{"line":54,"column":17},"end":{"line":54,"column":33}},{"start":{"line":54,"column":37},"end":{"line":54,"column":39}}]},"5":{"line":55,"type":"binary-expr","locations":[{"start":{"line":55,"column":15},"end":{"line":55,"column":29}},{"start":{"line":55,"column":33},"end":{"line":55,"column":35}}]},"6":{"line":60,"type":"if","locations":[{"start":{"line":60,"column":8},"end":{"line":60,"column":8}},{"start":{"line":60,"column":8},"end":{"line":60,"column":8}}]},"7":{"line":61,"type":"binary-expr","locations":[{"start":{"line":61,"column":30},"end":{"line":61,"column":38}},{"start":{"line":61,"column":42},"end":{"line":61,"column":45}}]},"8":{"line":76,"type":"if","locations":[{"start":{"line":76,"column":4},"end":{"line":76,"column":4}},{"start":{"line":76,"column":4},"end":{"line":76,"column":4}}]},"9":{"line":81,"type":"if","locations":[{"start":{"line":81,"column":4},"end":{"line":81,"column":4}},{"start":{"line":81,"column":4},"end":{"line":81,"column":4}}]},"10":{"line":81,"type":"binary-expr","locations":[{"start":{"line":81,"column":8},"end":{"line":81,"column":24}},{"start":{"line":81,"column":28},"end":{"line":81,"column":47}}]},"11":{"line":88,"type":"if","locations":[{"start":{"line":88,"column":8},"end":{"line":88,"column":8}},{"start":{"line":88,"column":8},"end":{"line":88,"column":8}}]},"12":{"line":90,"type":"if","locations":[{"start":{"line":90,"column":15},"end":{"line":90,"column":15}},{"start":{"line":90,"column":15},"end":{"line":90,"column":15}}]}}}}