TN:
SF:C:\code\Electrolux-Chatbot\app.js
FN:41,(anonymous_1)
FN:57,(anonymous_2)
FN:71,updateMessage
FNF:3
FNH:0
FNDA:0,(anonymous_1)
FNDA:0,(anonymous_2)
FNDA:0,updateMessage
DA:19,1
DA:20,1
DA:21,1
DA:23,1
DA:26,1
DA:27,1
DA:30,1
DA:41,1
DA:42,0
DA:43,0
DA:44,0
DA:50,0
DA:57,0
DA:58,0
DA:59,0
DA:61,0
DA:71,1
DA:72,0
DA:73,0
DA:74,0
DA:76,0
DA:78,0
DA:79,0
DA:85,0
DA:86,0
DA:87,0
DA:88,0
DA:90,0
DA:93,0
DA:94,0
DA:97,1
LF:31
LH:10
BRDA:42,1,0,0
BRDA:42,1,1,0
BRDA:43,2,0,0
BRDA:43,2,1,0
BRDA:43,3,0,0
BRDA:43,3,1,0
BRDA:52,4,0,0
BRDA:52,4,1,0
BRDA:53,5,0,0
BRDA:53,5,1,0
BRDA:58,6,0,0
BRDA:58,6,1,0
BRDA:59,7,0,0
BRDA:59,7,1,0
BRDA:73,8,0,0
BRDA:73,8,1,0
BRDA:78,9,0,0
BRDA:78,9,1,0
BRDA:78,10,0,0
BRDA:78,10,1,0
BRDA:85,11,0,0
BRDA:85,11,1,0
BRDA:87,12,0,0
BRDA:87,12,1,0
BRF:24
BRH:0
end_of_record
