TN:
SF:C:\code\Electrolux-Chatbot\app.js
FN:57,(anonymous_1)
FN:75,(anonymous_2)
FN:91,updateMessage
FNF:3
FNH:0
FNDA:0,(anonymous_1)
FNDA:0,(anonymous_2)
FNDA:0,updateMessage
DA:21,1
DA:24,1
DA:27,1
DA:30,1
DA:35,1
DA:38,1
DA:41,1
DA:57,1
DA:58,0
DA:59,0
DA:60,0
DA:68,0
DA:75,0
DA:76,0
DA:77,0
DA:79,0
DA:91,1
DA:92,0
DA:93,0
DA:94,0
DA:96,0
DA:98,0
DA:99,0
DA:105,0
DA:106,0
DA:107,0
DA:108,0
DA:110,0
DA:113,0
DA:114,0
DA:118,1
LF:31
LH:10
BRDA:58,1,0,0
BRDA:58,1,1,0
BRDA:59,2,0,0
BRDA:59,2,1,0
BRDA:59,3,0,0
BRDA:59,3,1,0
BRDA:70,4,0,0
BRDA:70,4,1,0
BRDA:71,5,0,0
BRDA:71,5,1,0
BRDA:76,6,0,0
BRDA:76,6,1,0
BRDA:77,7,0,0
BRDA:77,7,1,0
BRDA:93,8,0,0
BRDA:93,8,1,0
BRDA:98,9,0,0
BRDA:98,9,1,0
BRDA:98,10,0,0
BRDA:98,10,1,0
BRDA:105,11,0,0
BRDA:105,11,1,0
BRDA:107,12,0,0
BRDA:107,12,1,0
BRF:24
BRH:0
end_of_record
